d:\users\rjs\vsworkplace\autosort1\autosort1\x64\debug\vc141.pdb
d:\users\rjs\vsworkplace\autosort1\autosort1\x64\debug\vc141.idb
d:\users\rjs\vsworkplace\autosort1\autosort1\x64\debug\node.obj
d:\users\rjs\vsworkplace\autosort1\autosort1\x64\debug\autosort1.obj
d:\users\rjs\vsworkplace\autosort1\autosort1\x64\debug\threadtest.obj
d:\users\rjs\vsworkplace\autosort1\autosort1\x64\debug\strcut.obj
d:\users\rjs\vsworkplace\autosort1\autosort1\x64\debug\communication.obj
d:\users\rjs\vsworkplace\autosort1\autosort1\x64\debug\testrand.obj
d:\users\rjs\vsworkplace\autosort1\autosort1\x64\debug\autosort.obj
d:\users\rjs\vsworkplace\autosort1\autosort1\x64\debug\randarr.obj
d:\users\rjs\vsworkplace\autosort1\x64\debug\autosort1.pdb
d:\users\rjs\vsworkplace\autosort1\autosort1\x64\debug\autosort1.tlog\cl.command.1.tlog
d:\users\rjs\vsworkplace\autosort1\autosort1\x64\debug\autosort1.tlog\cl.read.1.tlog
d:\users\rjs\vsworkplace\autosort1\autosort1\x64\debug\autosort1.tlog\cl.write.1.tlog
d:\users\rjs\vsworkplace\autosort1\autosort1\x64\debug\autosort1.tlog\link-cvtres.read.1.tlog
d:\users\rjs\vsworkplace\autosort1\autosort1\x64\debug\autosort1.tlog\link-cvtres.write.1.tlog
d:\users\rjs\vsworkplace\autosort1\autosort1\x64\debug\autosort1.tlog\link-rc.read.1.tlog
d:\users\rjs\vsworkplace\autosort1\autosort1\x64\debug\autosort1.tlog\link-rc.write.1.tlog
d:\users\rjs\vsworkplace\autosort1\autosort1\x64\debug\autosort1.tlog\link.55404-cvtres.read.1.tlog
d:\users\rjs\vsworkplace\autosort1\autosort1\x64\debug\autosort1.tlog\link.55404-cvtres.write.1.tlog
d:\users\rjs\vsworkplace\autosort1\autosort1\x64\debug\autosort1.tlog\link.55404-rc.read.1.tlog
d:\users\rjs\vsworkplace\autosort1\autosort1\x64\debug\autosort1.tlog\link.55404-rc.write.1.tlog
d:\users\rjs\vsworkplace\autosort1\autosort1\x64\debug\autosort1.tlog\link.55404.read.1.tlog
d:\users\rjs\vsworkplace\autosort1\autosort1\x64\debug\autosort1.tlog\link.55404.write.1.tlog
d:\users\rjs\vsworkplace\autosort1\autosort1\x64\debug\autosort1.tlog\link.command.1.tlog
d:\users\rjs\vsworkplace\autosort1\autosort1\x64\debug\autosort1.tlog\link.read.1.tlog
d:\users\rjs\vsworkplace\autosort1\autosort1\x64\debug\autosort1.tlog\link.write.1.tlog
